TN:
SF:src/app/app.component.html
FNF:0
FNH:0
DA:1,1
LF:1
LH:1
BRF:0
BRH:0
end_of_record
TN:
SF:src/app/app.component.ts
FNF:0
FNH:0
DA:1,1
DA:2,1
DA:3,1
DA:13,1
LF:4
LH:4
BRF:0
BRH:0
end_of_record
TN:
SF:src/app/api/article-api.service.ts
FN:7,(anonymous_0)
FN:9,(anonymous_1)
FNF:2
FNH:2
FNDA:3,(anonymous_0)
FNDA:2,(anonymous_1)
DA:1,4
DA:2,4
DA:6,4
DA:7,3
DA:10,2
LF:5
LH:5
BRF:0
BRH:0
end_of_record
TN:
SF:src/app/core/services/layout.service.ts
FN:9,(anonymous_0)
FN:43,(anonymous_1)
FN:40,(anonymous_2)
FN:45,(anonymous_3)
FNF:4
FNH:4
FNDA:5,(anonymous_0)
FNDA:13,(anonymous_1)
FNDA:23,(anonymous_2)
FNDA:35,(anonymous_3)
DA:1,5
DA:2,5
DA:3,5
DA:9,5
DA:10,5
DA:11,5
DA:12,5
DA:13,5
DA:14,5
DA:15,5
DA:18,5
DA:29,5
DA:30,13
DA:39,13
DA:40,23
DA:43,13
DA:46,35
DA:47,35
DA:48,133
DA:49,8
DA:52,35
LF:21
LH:21
BRDA:9,0,0,5
BRDA:9,0,1,5
BRDA:48,1,0,8
BRDA:49,2,0,7
BRDA:49,2,1,1
BRDA:49,3,0,8
BRDA:49,3,1,8
BRF:7
BRH:7
end_of_record
TN:
SF:src/app/core/services/theme.service.ts
FN:7,(anonymous_0)
FN:22,(anonymous_1)
FN:19,(anonymous_2)
FN:42,(anonymous_3)
FN:46,(anonymous_4)
FN:51,(anonymous_5)
FN:55,(anonymous_6)
FNF:7
FNH:7
FNDA:5,(anonymous_0)
FNDA:5,(anonymous_1)
FNDA:8,(anonymous_2)
FNDA:5,(anonymous_3)
FNDA:8,(anonymous_4)
FNDA:13,(anonymous_5)
FNDA:24,(anonymous_6)
DA:1,5
DA:2,5
DA:3,5
DA:4,5
DA:6,5
DA:7,5
DA:8,5
DA:9,5
DA:10,5
DA:11,5
DA:16,5
DA:17,5
DA:18,5
DA:19,8
DA:23,5
DA:24,5
DA:26,5
DA:27,2
DA:30,5
DA:43,5
DA:47,8
DA:48,8
DA:53,13
DA:54,13
DA:55,24
DA:57,13
DA:58,8
DA:60,13
LF:28
LH:28
BRDA:7,0,0,5
BRDA:7,0,1,5
BRDA:26,1,0,2
BRDA:57,2,0,8
BRF:4
BRH:4
end_of_record
TN:
SF:src/app/fake-server/services/fake-article.service.ts
FN:9,(anonymous_0)
FN:20,(anonymous_1)
FN:25,(anonymous_2)
FN:27,(anonymous_3)
FN:30,(anonymous_4)
FN:32,(anonymous_5)
FNF:6
FNH:6
FNDA:4,(anonymous_0)
FNDA:60,(anonymous_1)
FNDA:1,(anonymous_2)
FNDA:1,(anonymous_3)
FNDA:1,(anonymous_4)
FNDA:1,(anonymous_5)
DA:1,5
DA:2,5
DA:3,5
DA:8,5
DA:10,4
DA:11,1
DA:14,3
DA:20,60
DA:26,1
DA:27,1
DA:31,1
DA:32,1
LF:12
LH:12
BRDA:10,0,0,1
BRF:1
BRH:1
end_of_record
TN:
SF:src/app/pages/article/article.component.html
FNF:0
FNH:0
DA:1,2
LF:1
LH:1
BRF:0
BRH:0
end_of_record
TN:
SF:src/app/pages/article/article.component.ts
FN:19,(anonymous_0)
FN:34,(anonymous_1)
FN:30,(anonymous_2)
FN:31,(anonymous_3)
FNF:4
FNH:4
FNDA:1,(anonymous_0)
FNDA:2,(anonymous_1)
FNDA:2,(anonymous_2)
FNDA:2,(anonymous_3)
DA:1,2
DA:2,2
DA:3,2
DA:4,2
DA:5,2
DA:6,2
DA:17,2
DA:20,1
DA:24,2
DA:26,2
DA:29,2
DA:30,2
DA:31,2
DA:35,2
DA:36,2
DA:38,2
DA:39,2
DA:40,2
LF:18
LH:18
BRDA:39,0,0,2
BRF:1
BRH:1
end_of_record
TN:
SF:src/app/pages/article/services/article.service.ts
FN:7,(anonymous_0)
FN:9,(anonymous_1)
FNF:2
FNH:2
FNDA:3,(anonymous_0)
FNDA:2,(anonymous_1)
DA:1,3
DA:2,3
DA:6,3
DA:7,3
DA:10,2
LF:5
LH:5
BRF:0
BRH:0
end_of_record
TN:
SF:src/app/pages/errors/not-found/not-found.component.html
FNF:0
FNH:0
DA:1,1
LF:1
LH:1
BRF:0
BRH:0
end_of_record
TN:
SF:src/app/pages/errors/not-found/not-found.component.ts
FNF:0
FNH:0
DA:1,1
DA:11,1
LF:2
LH:2
BRF:0
BRH:0
end_of_record
TN:
SF:src/app/pages/forum/forum.component.html
FNF:0
FNH:0
DA:1,1
LF:1
LH:1
BRF:0
BRH:0
end_of_record
TN:
SF:src/app/pages/forum/forum.component.ts
FNF:0
FNH:0
DA:1,1
DA:11,1
LF:2
LH:2
BRF:0
BRH:0
end_of_record
TN:
SF:src/app/pages/main/main.component.html
FNF:0
FNH:0
DA:1,1
LF:1
LH:1
BRF:0
BRH:0
end_of_record
TN:
SF:src/app/pages/main/main.component.ts
FN:18,(anonymous_0)
FNF:1
FNH:1
FNDA:1,(anonymous_0)
DA:1,1
DA:2,1
DA:3,1
DA:18,1
DA:19,1
LF:5
LH:5
BRF:0
BRH:0
end_of_record
TN:
SF:src/app/pages/main/calendar/calendar.component.html
FNF:0
FNH:0
DA:1,1
LF:1
LH:1
BRF:0
BRH:0
end_of_record
TN:
SF:src/app/pages/main/calendar/calendar.component.ts
FNF:0
FNH:0
DA:1,1
DA:11,1
LF:2
LH:2
BRF:0
BRH:0
end_of_record
TN:
SF:src/app/pages/main/home/home.component.html
FNF:0
FNH:0
DA:1,1
LF:1
LH:1
BRF:0
BRH:0
end_of_record
TN:
SF:src/app/pages/main/home/home.component.ts
FN:12,(anonymous_0)
FNF:1
FNH:1
FNDA:1,(anonymous_0)
DA:1,1
DA:2,1
DA:12,1
DA:13,1
LF:4
LH:4
BRF:0
BRH:0
end_of_record
TN:
SF:src/app/pages/main/new/new.component.html
FNF:0
FNH:0
DA:1,1
LF:1
LH:1
BRF:0
BRH:0
end_of_record
TN:
SF:src/app/pages/main/new/new.component.ts
FNF:0
FNH:0
DA:1,1
DA:11,1
LF:2
LH:2
BRF:0
BRH:0
end_of_record
TN:
SF:src/app/pages/main/popular/popular.component.html
FNF:0
FNH:0
DA:1,1
LF:1
LH:1
BRF:0
BRH:0
end_of_record
TN:
SF:src/app/pages/main/popular/popular.component.ts
FNF:0
FNH:0
DA:1,1
DA:11,1
LF:2
LH:2
BRF:0
BRH:0
end_of_record
TN:
SF:src/app/pages/news/news.component.html
FNF:0
FNH:0
DA:1,1
LF:1
LH:1
BRF:0
BRH:0
end_of_record
TN:
SF:src/app/pages/news/news.component.ts
FNF:0
FNH:0
DA:1,1
DA:11,1
LF:2
LH:2
BRF:0
BRH:0
end_of_record
TN:
SF:src/app/shared/consts/themes.ts
FNF:0
FNH:0
DA:1,3
DA:3,3
LF:2
LH:2
BRF:0
BRH:0
end_of_record
TN:
SF:src/app/shared/routines/utils.ts
FN:1,assertIsDefined
FNF:1
FNH:1
FNDA:6,assertIsDefined
DA:1,2
DA:5,6
DA:6,2
LF:3
LH:3
BRDA:5,0,0,2
BRDA:5,1,0,6
BRDA:5,1,1,5
BRF:3
BRH:3
end_of_record
TN:
SF:src/app/ui/layout/layout.component.html
FNF:0
FNH:0
DA:1,2
LF:1
LH:1
BRF:0
BRH:0
end_of_record
TN:
SF:src/app/ui/layout/layout.component.ts
FN:41,(anonymous_0)
FN:38,(anonymous_1)
FNF:2
FNH:2
FNDA:5,(anonymous_0)
FNDA:5,(anonymous_1)
DA:1,2
DA:2,2
DA:3,2
DA:4,2
DA:5,2
DA:6,2
DA:7,2
DA:8,2
DA:9,2
DA:10,2
DA:11,2
DA:12,2
DA:14,2
DA:34,2
DA:35,5
DA:36,5
DA:37,5
DA:38,5
DA:42,5
DA:43,5
LF:20
LH:20
BRF:0
BRH:0
end_of_record
TN:
SF:src/app/ui/navbar/navbar.component.html
FNF:0
FNH:0
DA:1,3
LF:1
LH:1
BRF:0
BRH:0
end_of_record
TN:
SF:src/app/ui/navbar/navbar.component.ts
FN:46,(anonymous_0)
FN:43,(anonymous_1)
FNF:2
FNH:2
FNDA:9,(anonymous_0)
FNDA:15,(anonymous_1)
DA:1,3
DA:7,3
DA:8,3
DA:9,3
DA:10,3
DA:11,3
DA:12,3
DA:13,3
DA:14,3
DA:15,3
DA:16,3
DA:17,3
DA:19,3
DA:37,3
DA:38,9
DA:39,9
DA:41,9
DA:42,9
DA:43,15
DA:47,9
DA:48,9
LF:21
LH:21
BRDA:43,0,0,10
BRDA:43,0,1,5
BRF:2
BRH:2
end_of_record
TN:
SF:src/app/ui/navbar-menu-content/navbar-menu-content.component.html
FNF:0
FNH:0
DA:1,5
LF:1
LH:1
BRF:0
BRH:0
end_of_record
TN:
SF:src/app/ui/navbar-menu-content/navbar-menu-content.component.ts
FNF:0
FNH:0
DA:1,5
DA:2,5
DA:3,5
DA:13,5
LF:4
LH:4
BRF:0
BRH:0
end_of_record
TN:
SF:src/app/ui/sidebar-left-content/sidebar-left-content.component.html
FNF:0
FNH:0
DA:1,3
LF:1
LH:1
BRF:0
BRH:0
end_of_record
TN:
SF:src/app/ui/sidebar-left-content/sidebar-left-content.component.ts
FN:19,(anonymous_0)
FNF:1
FNH:1
FNDA:6,(anonymous_0)
DA:1,3
DA:2,3
DA:3,3
DA:4,3
DA:5,3
DA:6,3
DA:16,3
DA:17,6
DA:19,6
LF:9
LH:9
BRF:0
BRH:0
end_of_record
TN:
SF:src/app/ui/sidebar-right-content/sidebar-right-content.component.html
FNF:0
FNH:0
DA:1,3
LF:1
LH:1
BRF:0
BRH:0
end_of_record
TN:
SF:src/app/ui/sidebar-right-content/sidebar-right-content.component.ts
FNF:0
FNH:0
DA:1,3
DA:2,3
DA:3,3
DA:13,3
LF:4
LH:4
BRF:0
BRH:0
end_of_record
TN:
SF:src/app/ui/theme-switcher/theme-switcher.component.html
FNF:0
FNH:0
DA:1,4
LF:1
LH:1
BRF:0
BRH:0
end_of_record
TN:
SF:src/app/ui/theme-switcher/theme-switcher.component.ts
FN:27,(anonymous_0)
FN:29,(anonymous_1)
FNF:2
FNH:2
FNDA:13,(anonymous_0)
FNDA:3,(anonymous_1)
DA:1,4
DA:2,4
DA:3,4
DA:4,4
DA:5,4
DA:6,4
DA:20,4
DA:21,13
DA:27,13
DA:30,3
LF:10
LH:10
BRF:0
BRH:0
end_of_record
